<?xml version="1.0" encoding="UTF-8"?>
<testsuite xmlns:xsi="http://www.w3.org/2001/XMLSchema-instance" xsi:schemaLocation="https://maven.apache.org/surefire/maven-surefire-plugin/xsd/surefire-test-report.xsd" name="com.zerozero.androidappautotestcases.TestImageView" time="187.822" tests="9" errors="2" skipped="0" failures="0">
  <properties>
    <property name="java.runtime.name" value="Java(TM) SE Runtime Environment"/>
    <property name="sun.boot.library.path" value="D:\java\jdk\jre\bin"/>
    <property name="java.vm.version" value="25.112-b15"/>
    <property name="java.vm.vendor" value="Oracle Corporation"/>
    <property name="maven.multiModuleProjectDirectory" value="D:\workspace\AndroidAppAuto"/>
    <property name="java.vendor.url" value="http://java.oracle.com/"/>
    <property name="path.separator" value=";"/>
    <property name="guice.disable.misplaced.annotation.check" value="true"/>
    <property name="java.vm.name" value="Java HotSpot(TM) 64-Bit Server VM"/>
    <property name="file.encoding.pkg" value="sun.io"/>
    <property name="user.script" value=""/>
    <property name="user.country" value="CN"/>
    <property name="sun.java.launcher" value="SUN_STANDARD"/>
    <property name="sun.os.patch.level" value=""/>
    <property name="java.vm.specification.name" value="Java Virtual Machine Specification"/>
    <property name="user.dir" value="D:\workspace\AndroidAppAuto"/>
    <property name="java.runtime.version" value="1.8.0_112-b15"/>
    <property name="java.awt.graphicsenv" value="sun.awt.Win32GraphicsEnvironment"/>
    <property name="java.endorsed.dirs" value="D:\java\jdk\jre\lib\endorsed"/>
    <property name="os.arch" value="amd64"/>
    <property name="java.io.tmpdir" value="C:\Windows\TEMP\"/>
    <property name="line.separator" value="&#10;"/>
    <property name="java.vm.specification.vendor" value="Oracle Corporation"/>
    <property name="user.variant" value=""/>
    <property name="os.name" value="Windows 10"/>
    <property name="classworlds.conf" value="D:\apache-maven-3.3.9\bin\m2.conf"/>
    <property name="sun.jnu.encoding" value="GBK"/>
    <property name="java.library.path" value="D:\java\jdk\bin;C:\Windows\Sun\Java\bin;C:\Windows\system32;C:\Windows;D:\java\jdk/bin;D:\java\jdk/bin;C:\ProgramData\Oracle\Java\javapath;C:\Windows\system32;C:\Windows;C:\Windows\System32\Wbem;C:\Windows\System32\WindowsPowerShell\v1.0\;D:\java\jdk\bin;D:\java\jdk\jre\bin;C:\Program Files\Git\cmd;C:\Program Files\nodejs\;D:\AndroidSDK\tools;D:\AndroidSDK\platform-tools;D:\apache-maven-3.3.9\bin;C:\Program Files (x86)\Appium;D:\mysoftware\ffmpeg-20161122-d316b21-win64-static\ffmpeg-20161122-d316b21-win64-static\bin;C:\Users\liuguoping\.gradle\wrapper\dists\gradle-2.14.1-all\8bnwg5hd3w55iofp58khbp6yv\gradle-2.14.1\bin;D:\mysoftware\curl-7.52.1;D:\AndroidSDK\android-ndk-r10c;D:\AndroidSDK\cmake\3.6.3155560\bin;;."/>
    <property name="java.specification.name" value="Java Platform API Specification"/>
    <property name="java.class.version" value="52.0"/>
    <property name="sun.management.compiler" value="HotSpot 64-Bit Tiered Compilers"/>
    <property name="os.version" value="10.0"/>
    <property name="user.home" value="C:\Windows\system32\config\systemprofile"/>
    <property name="user.timezone" value="Asia/Shanghai"/>
    <property name="java.awt.printerjob" value="sun.awt.windows.WPrinterJob"/>
    <property name="java.specification.version" value="1.8"/>
    <property name="file.encoding" value="GBK"/>
    <property name="user.name" value="DESKTOP-EHSQD5N$"/>
    <property name="java.class.path" value="D:\apache-maven-3.3.9\boot\plexus-classworlds-2.5.2.jar"/>
    <property name="java.vm.specification.version" value="1.8"/>
    <property name="sun.arch.data.model" value="64"/>
    <property name="java.home" value="D:\java\jdk\jre"/>
    <property name="sun.java.command" value="org.codehaus.plexus.classworlds.launcher.Launcher surefire-report:report"/>
    <property name="java.specification.vendor" value="Oracle Corporation"/>
    <property name="user.language" value="zh"/>
    <property name="awt.toolkit" value="sun.awt.windows.WToolkit"/>
    <property name="java.vm.info" value="mixed mode"/>
    <property name="java.version" value="1.8.0_112"/>
    <property name="java.ext.dirs" value="D:\java\jdk\jre\lib\ext;C:\Windows\Sun\Java\lib\ext"/>
    <property name="sun.boot.class.path" value="D:\java\jdk\jre\lib\resources.jar;D:\java\jdk\jre\lib\rt.jar;D:\java\jdk\jre\lib\sunrsasign.jar;D:\java\jdk\jre\lib\jsse.jar;D:\java\jdk\jre\lib\jce.jar;D:\java\jdk\jre\lib\charsets.jar;D:\java\jdk\jre\lib\jfr.jar;D:\java\jdk\jre\classes"/>
    <property name="java.vendor" value="Oracle Corporation"/>
    <property name="maven.home" value="D:\apache-maven-3.3.9"/>
    <property name="file.separator" value="\"/>
    <property name="java.vendor.url.bug" value="http://bugreport.sun.com/bugreport/"/>
    <property name="sun.cpu.endian" value="little"/>
    <property name="sun.io.unicode.encoding" value="UnicodeLittle"/>
    <property name="sun.desktop" value="windows"/>
    <property name="sun.cpu.isalist" value="amd64"/>
  </properties>
  <testcase name="testChangeModeOfImgView" classname="com.zerozero.androidappautotestcases.TestImageView" time="17.249"/>
  <testcase name="testFlyLandWithoutFly" classname="com.zerozero.androidappautotestcases.TestImageView" time="15.312"/>
  <testcase name="testTakePhoto" classname="com.zerozero.androidappautotestcases.TestImageView" time="29.255"/>
  <testcase name="testTakePhotoWithFlash" classname="com.zerozero.androidappautotestcases.TestImageView" time="31.095"/>
  <testcase name="testTakePhotoWithTimer" classname="com.zerozero.androidappautotestcases.TestImageView" time="45.505">
    <error message="A new session could not be created. (WARNING: The server did not provide any stacktrace information)&#10;Command duration or timeout: 0 milliseconds&#10;Build info: version: &apos;3.0.1&apos;, revision: &apos;1969d75&apos;, time: &apos;2016-10-18 09:49:13 -0700&apos;&#10;System info: host: &apos;DESKTOP-EHSQD5N&apos;, ip: &apos;192.168.187.6&apos;, os.name: &apos;Windows 10&apos;, os.arch: &apos;amd64&apos;, os.version: &apos;10.0&apos;, java.version: &apos;1.8.0_112&apos;&#10;Driver info: driver.version: AndroidDriver" type="org.openqa.selenium.SessionNotCreatedException">org.openqa.selenium.SessionNotCreatedException: 
A new session could not be created. (WARNING: The server did not provide any stacktrace information)
Command duration or timeout: 0 milliseconds
Build info: version: '3.0.1', revision: '1969d75', time: '2016-10-18 09:49:13 -0700'
System info: host: 'DESKTOP-EHSQD5N', ip: '192.168.187.6', os.name: 'Windows 10', os.arch: 'amd64', os.version: '10.0', java.version: '1.8.0_112'
Driver info: driver.version: AndroidDriver
	at com.zerozero.androidappautotestcases.TestImageView.setUp(TestImageView.java:36)
</error>
    <system-err><![CDATA[三月 07, 2017 4:47:36 下午 org.openqa.selenium.remote.ProtocolHandshake createSession
信息: Attempting bi-dialect session, assuming Postel's Law holds true on the remote end
]]></system-err>
  </testcase>
  <testcase name="testTakePhotoWithTimer" classname="com.zerozero.androidappautotestcases.TestImageView" time="45.505">
    <error type="java.lang.NullPointerException">java.lang.NullPointerException
	at com.zerozero.androidappautotestcases.TestImageView.tearDown(TestImageView.java:251)
</error>
  </testcase>
  <testcase name="testTrackWithoutFly" classname="com.zerozero.androidappautotestcases.TestImageView" time="13.777"/>
  <testcase name="testVideoShotWithoutFly" classname="com.zerozero.androidappautotestcases.TestImageView" time="15.011"/>
  <testcase name="testWait" classname="com.zerozero.androidappautotestcases.TestImageView" time="20.618"/>
</testsuite>