<?xml version="1.0" encoding="UTF-8"?>
<!-- Generated by org.testng.reporters.JUnitReportReporter -->
<testsuite name="com.liuguoping.trytestng.TestHelloWorld" tests="1" time="0.004" ignored="3" failures="0" timestamp="10 十月 2017 09:27:55 GMT" skipped="0" hostname="DESKTOP-EHSQD5N" errors="0">
  <testcase name="myFunc" time="0.004" classname="com.liuguoping.trytestng.TestHelloWorld"/>
  <testcase name="testFun01" classname="com.liuguoping.trytestng.TestGroups">
    <skipped/>
  </testcase> <!-- testFun01 -->
  <testcase name="testFun02" classname="com.liuguoping.trytestng.TestGroups">
    <skipped/>
  </testcase> <!-- testFun02 -->
  <testcase name="myFuc" classname="com.liuguoping.trytestng.TestAnnotations">
    <skipped/>
  </testcase> <!-- myFuc -->
</testsuite> <!-- com.liuguoping.trytestng.TestHelloWorld -->
