<?xml version="1.0" encoding="UTF-8"?>
<!-- Generated by org.testng.reporters.JUnitReportReporter -->
<testsuite name="com.liuguoping.trytestng.TestParameterXML" tests="4" time="0.013" ignored="0" failures="0" timestamp="12 十月 2017 06:39:49 GMT" skipped="0" hostname="DESKTOP-EHSQD5N" errors="0">
  <testcase name="getParameterFromXml" time="0.001" classname="com.liuguoping.trytestng.TestParameterXML"/>
  <testcase name="getParameterFromDataProvider" time="0.002" classname="com.liuguoping.trytestng.TestParameterXML"/>
  <testcase name="getParameterFromDataProvider" time="0.008" classname="com.liuguoping.trytestng.TestParameterXML"/>
  <testcase name="getParameterFromDataProvider" time="0.002" classname="com.liuguoping.trytestng.TestParameterXML"/>
</testsuite> <!-- com.liuguoping.trytestng.TestParameterXML -->
