<?xml version="1.0" encoding="UTF-8"?>
<!-- Generated by org.testng.reporters.JUnitReportReporter -->
<testsuite name="com.liuguoping.trytestng.TestSelenium" tests="10" time="46.803" ignored="0" failures="0" timestamp="12 十月 2017 06:41:39 GMT" skipped="0" hostname="DESKTOP-EHSQD5N" errors="0">
  <testcase name="fuc" time="3.823" classname="com.liuguoping.trytestng.TestSelenium"/>
  <testcase name="fuc" time="3.016" classname="com.liuguoping.trytestng.TestSelenium"/>
  <testcase name="fuc" time="3.132" classname="com.liuguoping.trytestng.TestSelenium"/>
  <testcase name="fuc" time="3.115" classname="com.liuguoping.trytestng.TestSelenium"/>
  <testcase name="fuc" time="2.981" classname="com.liuguoping.trytestng.TestSelenium"/>
  <testcase name="fuc" time="3.138" classname="com.liuguoping.trytestng.TestSelenium"/>
  <testcase name="fuc" time="3.143" classname="com.liuguoping.trytestng.TestSelenium"/>
  <testcase name="fuc" time="10.256" classname="com.liuguoping.trytestng.TestSelenium"/>
  <testcase name="fuc" time="10.375" classname="com.liuguoping.trytestng.TestSelenium"/>
  <testcase name="fuc" time="3.824" classname="com.liuguoping.trytestng.TestSelenium"/>
</testsuite> <!-- com.liuguoping.trytestng.TestSelenium -->
