<?xml version="1.0" encoding="UTF-8"?>
<!-- Generated by org.testng.reporters.JUnitReportReporter -->
<testsuite name="com.liuguoping.trytestng.HelloWorld" tests="1" time="0.007" ignored="0" failures="0" timestamp="10 十月 2017 06:48:11 GMT" skipped="0" hostname="DESKTOP-EHSQD5N" errors="0">
  <testcase name="myFuc" time="0.007" classname="com.liuguoping.trytestng.HelloWorld"/>
</testsuite> <!-- com.liuguoping.trytestng.HelloWorld -->
