<?xml version="1.0" encoding="UTF-8"?>
<!-- Generated by org.testng.reporters.JUnitReportReporter -->
<testsuite name="com.liuguoping.trytestng.TestAnnotations" tests="1" time="0.005" ignored="0" failures="0" timestamp="10 十月 2017 08:44:09 GMT" skipped="0" hostname="DESKTOP-EHSQD5N" errors="0">
  <testcase name="myFuc" time="0.005" classname="com.liuguoping.trytestng.TestAnnotations"/>
</testsuite> <!-- com.liuguoping.trytestng.TestAnnotations -->
